  Using bundled DotNet SDK
  Log file: C:\Users\ericg\AppData\Local\UnrealBuildTool\Log.txt
  Using 'git status' to determine working set for adaptive non-unity build (C:\Users\ericg\OneDrive\Documentos\GitHub\SimpleShooter).
  Deleted hot-reload file: C:\Users\ericg\OneDrive\Documentos\GitHub\SimpleShooter\SimpleShooter\Binaries\Win64\UnrealEditor-SimpleShooter-0541.dll
  Deleted hot-reload file: C:\Users\ericg\OneDrive\Documentos\GitHub\SimpleShooter\SimpleShooter\Binaries\Win64\UnrealEditor-SimpleShooter-0541.pdb
  Deleted hot-reload file: C:\Users\ericg\OneDrive\Documentos\GitHub\SimpleShooter\SimpleShooter\Binaries\Win64\UnrealEditor-SimpleShooter-0564.dll
  Deleted hot-reload file: C:\Users\ericg\OneDrive\Documentos\GitHub\SimpleShooter\SimpleShooter\Binaries\Win64\UnrealEditor-SimpleShooter-0564.pdb
  Deleted hot-reload file: C:\Users\ericg\OneDrive\Documentos\GitHub\SimpleShooter\SimpleShooter\Binaries\Win64\UnrealEditor-SimpleShooter-0603.dll
  Deleted hot-reload file: C:\Users\ericg\OneDrive\Documentos\GitHub\SimpleShooter\SimpleShooter\Binaries\Win64\UnrealEditor-SimpleShooter-0603.pdb
  Deleted hot-reload file: C:\Users\ericg\OneDrive\Documentos\GitHub\SimpleShooter\SimpleShooter\Binaries\Win64\UnrealEditor-SimpleShooter-0771.dll
  Deleted hot-reload file: C:\Users\ericg\OneDrive\Documentos\GitHub\SimpleShooter\SimpleShooter\Binaries\Win64\UnrealEditor-SimpleShooter-0771.pdb
  Deleted hot-reload file: C:\Users\ericg\OneDrive\Documentos\GitHub\SimpleShooter\SimpleShooter\Binaries\Win64\UnrealEditor-SimpleShooter-0775.dll
  Deleted hot-reload file: C:\Users\ericg\OneDrive\Documentos\GitHub\SimpleShooter\SimpleShooter\Binaries\Win64\UnrealEditor-SimpleShooter-0775.pdb
  Deleted hot-reload file: C:\Users\ericg\OneDrive\Documentos\GitHub\SimpleShooter\SimpleShooter\Binaries\Win64\UnrealEditor-SimpleShooter-0968.dll
  Deleted hot-reload file: C:\Users\ericg\OneDrive\Documentos\GitHub\SimpleShooter\SimpleShooter\Binaries\Win64\UnrealEditor-SimpleShooter-0968.pdb
  Deleted hot-reload file: C:\Users\ericg\OneDrive\Documentos\GitHub\SimpleShooter\SimpleShooter\Binaries\Win64\UnrealEditor-SimpleShooter-1003.dll
  Deleted hot-reload file: C:\Users\ericg\OneDrive\Documentos\GitHub\SimpleShooter\SimpleShooter\Binaries\Win64\UnrealEditor-SimpleShooter-1003.pdb
  Deleted hot-reload file: C:\Users\ericg\OneDrive\Documentos\GitHub\SimpleShooter\SimpleShooter\Binaries\Win64\UnrealEditor-SimpleShooter-1044.dll
  Deleted hot-reload file: C:\Users\ericg\OneDrive\Documentos\GitHub\SimpleShooter\SimpleShooter\Binaries\Win64\UnrealEditor-SimpleShooter-1044.pdb
  Deleted hot-reload file: C:\Users\ericg\OneDrive\Documentos\GitHub\SimpleShooter\SimpleShooter\Binaries\Win64\UnrealEditor-SimpleShooter-1172.dll
  Deleted hot-reload file: C:\Users\ericg\OneDrive\Documentos\GitHub\SimpleShooter\SimpleShooter\Binaries\Win64\UnrealEditor-SimpleShooter-1172.pdb
  Deleted hot-reload file: C:\Users\ericg\OneDrive\Documentos\GitHub\SimpleShooter\SimpleShooter\Binaries\Win64\UnrealEditor-SimpleShooter-1182.dll
  Deleted hot-reload file: C:\Users\ericg\OneDrive\Documentos\GitHub\SimpleShooter\SimpleShooter\Binaries\Win64\UnrealEditor-SimpleShooter-1182.pdb
  Deleted hot-reload file: C:\Users\ericg\OneDrive\Documentos\GitHub\SimpleShooter\SimpleShooter\Binaries\Win64\UnrealEditor-SimpleShooter-1216.dll
  Deleted hot-reload file: C:\Users\ericg\OneDrive\Documentos\GitHub\SimpleShooter\SimpleShooter\Binaries\Win64\UnrealEditor-SimpleShooter-1216.pdb
  Deleted hot-reload file: C:\Users\ericg\OneDrive\Documentos\GitHub\SimpleShooter\SimpleShooter\Binaries\Win64\UnrealEditor-SimpleShooter-1284.dll
  Deleted hot-reload file: C:\Users\ericg\OneDrive\Documentos\GitHub\SimpleShooter\SimpleShooter\Binaries\Win64\UnrealEditor-SimpleShooter-1284.pdb
  Deleted hot-reload file: C:\Users\ericg\OneDrive\Documentos\GitHub\SimpleShooter\SimpleShooter\Binaries\Win64\UnrealEditor-SimpleShooter-1290.dll
  Deleted hot-reload file: C:\Users\ericg\OneDrive\Documentos\GitHub\SimpleShooter\SimpleShooter\Binaries\Win64\UnrealEditor-SimpleShooter-1290.pdb
  Deleted hot-reload file: C:\Users\ericg\OneDrive\Documentos\GitHub\SimpleShooter\SimpleShooter\Binaries\Win64\UnrealEditor-SimpleShooter-1318.dll
  Deleted hot-reload file: C:\Users\ericg\OneDrive\Documentos\GitHub\SimpleShooter\SimpleShooter\Binaries\Win64\UnrealEditor-SimpleShooter-1318.pdb
  Deleted hot-reload file: C:\Users\ericg\OneDrive\Documentos\GitHub\SimpleShooter\SimpleShooter\Binaries\Win64\UnrealEditor-SimpleShooter-1416.dll
  Deleted hot-reload file: C:\Users\ericg\OneDrive\Documentos\GitHub\SimpleShooter\SimpleShooter\Binaries\Win64\UnrealEditor-SimpleShooter-1416.pdb
  Deleted hot-reload file: C:\Users\ericg\OneDrive\Documentos\GitHub\SimpleShooter\SimpleShooter\Binaries\Win64\UnrealEditor-SimpleShooter-1433.dll
  Deleted hot-reload file: C:\Users\ericg\OneDrive\Documentos\GitHub\SimpleShooter\SimpleShooter\Binaries\Win64\UnrealEditor-SimpleShooter-1433.pdb
  Deleted hot-reload file: C:\Users\ericg\OneDrive\Documentos\GitHub\SimpleShooter\SimpleShooter\Binaries\Win64\UnrealEditor-SimpleShooter-1438.dll
  Deleted hot-reload file: C:\Users\ericg\OneDrive\Documentos\GitHub\SimpleShooter\SimpleShooter\Binaries\Win64\UnrealEditor-SimpleShooter-1438.pdb
  Deleted hot-reload file: C:\Users\ericg\OneDrive\Documentos\GitHub\SimpleShooter\SimpleShooter\Binaries\Win64\UnrealEditor-SimpleShooter-1480.dll
  Deleted hot-reload file: C:\Users\ericg\OneDrive\Documentos\GitHub\SimpleShooter\SimpleShooter\Binaries\Win64\UnrealEditor-SimpleShooter-1480.pdb
  Deleted hot-reload file: C:\Users\ericg\OneDrive\Documentos\GitHub\SimpleShooter\SimpleShooter\Binaries\Win64\UnrealEditor-SimpleShooter-1558.dll
  Deleted hot-reload file: C:\Users\ericg\OneDrive\Documentos\GitHub\SimpleShooter\SimpleShooter\Binaries\Win64\UnrealEditor-SimpleShooter-1558.pdb
  Deleted hot-reload file: C:\Users\ericg\OneDrive\Documentos\GitHub\SimpleShooter\SimpleShooter\Binaries\Win64\UnrealEditor-SimpleShooter-1775.dll
  Deleted hot-reload file: C:\Users\ericg\OneDrive\Documentos\GitHub\SimpleShooter\SimpleShooter\Binaries\Win64\UnrealEditor-SimpleShooter-1775.pdb
  Deleted hot-reload file: C:\Users\ericg\OneDrive\Documentos\GitHub\SimpleShooter\SimpleShooter\Binaries\Win64\UnrealEditor-SimpleShooter-1853.dll
  Deleted hot-reload file: C:\Users\ericg\OneDrive\Documentos\GitHub\SimpleShooter\SimpleShooter\Binaries\Win64\UnrealEditor-SimpleShooter-1853.pdb
  Deleted hot-reload file: C:\Users\ericg\OneDrive\Documentos\GitHub\SimpleShooter\SimpleShooter\Binaries\Win64\UnrealEditor-SimpleShooter-2012.dll
  Deleted hot-reload file: C:\Users\ericg\OneDrive\Documentos\GitHub\SimpleShooter\SimpleShooter\Binaries\Win64\UnrealEditor-SimpleShooter-2012.pdb
  Deleted hot-reload file: C:\Users\ericg\OneDrive\Documentos\GitHub\SimpleShooter\SimpleShooter\Binaries\Win64\UnrealEditor-SimpleShooter-2018.dll
  Deleted hot-reload file: C:\Users\ericg\OneDrive\Documentos\GitHub\SimpleShooter\SimpleShooter\Binaries\Win64\UnrealEditor-SimpleShooter-2018.pdb
  Deleted hot-reload file: C:\Users\ericg\OneDrive\Documentos\GitHub\SimpleShooter\SimpleShooter\Binaries\Win64\UnrealEditor-SimpleShooter-2060.dll
  Deleted hot-reload file: C:\Users\ericg\OneDrive\Documentos\GitHub\SimpleShooter\SimpleShooter\Binaries\Win64\UnrealEditor-SimpleShooter-2060.pdb
  Deleted hot-reload file: C:\Users\ericg\OneDrive\Documentos\GitHub\SimpleShooter\SimpleShooter\Binaries\Win64\UnrealEditor-SimpleShooter-2124.dll
  Deleted hot-reload file: C:\Users\ericg\OneDrive\Documentos\GitHub\SimpleShooter\SimpleShooter\Binaries\Win64\UnrealEditor-SimpleShooter-2124.pdb
  Deleted hot-reload file: C:\Users\ericg\OneDrive\Documentos\GitHub\SimpleShooter\SimpleShooter\Binaries\Win64\UnrealEditor-SimpleShooter-2221.dll
  Deleted hot-reload file: C:\Users\ericg\OneDrive\Documentos\GitHub\SimpleShooter\SimpleShooter\Binaries\Win64\UnrealEditor-SimpleShooter-2221.pdb
  Deleted hot-reload file: C:\Users\ericg\OneDrive\Documentos\GitHub\SimpleShooter\SimpleShooter\Binaries\Win64\UnrealEditor-SimpleShooter-2246.dll
  Deleted hot-reload file: C:\Users\ericg\OneDrive\Documentos\GitHub\SimpleShooter\SimpleShooter\Binaries\Win64\UnrealEditor-SimpleShooter-2246.pdb
  Deleted hot-reload file: C:\Users\ericg\OneDrive\Documentos\GitHub\SimpleShooter\SimpleShooter\Binaries\Win64\UnrealEditor-SimpleShooter-2257.dll
  Deleted hot-reload file: C:\Users\ericg\OneDrive\Documentos\GitHub\SimpleShooter\SimpleShooter\Binaries\Win64\UnrealEditor-SimpleShooter-2257.pdb
  Deleted hot-reload file: C:\Users\ericg\OneDrive\Documentos\GitHub\SimpleShooter\SimpleShooter\Binaries\Win64\UnrealEditor-SimpleShooter-2269.dll
  Deleted hot-reload file: C:\Users\ericg\OneDrive\Documentos\GitHub\SimpleShooter\SimpleShooter\Binaries\Win64\UnrealEditor-SimpleShooter-2269.pdb
  Deleted hot-reload file: C:\Users\ericg\OneDrive\Documentos\GitHub\SimpleShooter\SimpleShooter\Binaries\Win64\UnrealEditor-SimpleShooter-2402.dll
  Deleted hot-reload file: C:\Users\ericg\OneDrive\Documentos\GitHub\SimpleShooter\SimpleShooter\Binaries\Win64\UnrealEditor-SimpleShooter-2402.pdb
  Deleted hot-reload file: C:\Users\ericg\OneDrive\Documentos\GitHub\SimpleShooter\SimpleShooter\Binaries\Win64\UnrealEditor-SimpleShooter-2458.dll
  Deleted hot-reload file: C:\Users\ericg\OneDrive\Documentos\GitHub\SimpleShooter\SimpleShooter\Binaries\Win64\UnrealEditor-SimpleShooter-2458.pdb
  Deleted hot-reload file: C:\Users\ericg\OneDrive\Documentos\GitHub\SimpleShooter\SimpleShooter\Binaries\Win64\UnrealEditor-SimpleShooter-2593.dll
  Deleted hot-reload file: C:\Users\ericg\OneDrive\Documentos\GitHub\SimpleShooter\SimpleShooter\Binaries\Win64\UnrealEditor-SimpleShooter-2593.pdb
  Deleted hot-reload file: C:\Users\ericg\OneDrive\Documentos\GitHub\SimpleShooter\SimpleShooter\Binaries\Win64\UnrealEditor-SimpleShooter-2722.dll
  Deleted hot-reload file: C:\Users\ericg\OneDrive\Documentos\GitHub\SimpleShooter\SimpleShooter\Binaries\Win64\UnrealEditor-SimpleShooter-2722.pdb
  Deleted hot-reload file: C:\Users\ericg\OneDrive\Documentos\GitHub\SimpleShooter\SimpleShooter\Binaries\Win64\UnrealEditor-SimpleShooter-2723.dll
  Deleted hot-reload file: C:\Users\ericg\OneDrive\Documentos\GitHub\SimpleShooter\SimpleShooter\Binaries\Win64\UnrealEditor-SimpleShooter-2723.pdb
  Deleted hot-reload file: C:\Users\ericg\OneDrive\Documentos\GitHub\SimpleShooter\SimpleShooter\Binaries\Win64\UnrealEditor-SimpleShooter-2747.dll
  Deleted hot-reload file: C:\Users\ericg\OneDrive\Documentos\GitHub\SimpleShooter\SimpleShooter\Binaries\Win64\UnrealEditor-SimpleShooter-2747.pdb
  Deleted hot-reload file: C:\Users\ericg\OneDrive\Documentos\GitHub\SimpleShooter\SimpleShooter\Binaries\Win64\UnrealEditor-SimpleShooter-2759.dll
  Deleted hot-reload file: C:\Users\ericg\OneDrive\Documentos\GitHub\SimpleShooter\SimpleShooter\Binaries\Win64\UnrealEditor-SimpleShooter-2759.pdb
  Deleted hot-reload file: C:\Users\ericg\OneDrive\Documentos\GitHub\SimpleShooter\SimpleShooter\Binaries\Win64\UnrealEditor-SimpleShooter-2785.dll
  Deleted hot-reload file: C:\Users\ericg\OneDrive\Documentos\GitHub\SimpleShooter\SimpleShooter\Binaries\Win64\UnrealEditor-SimpleShooter-2785.pdb
  Deleted hot-reload file: C:\Users\ericg\OneDrive\Documentos\GitHub\SimpleShooter\SimpleShooter\Binaries\Win64\UnrealEditor-SimpleShooter-2859.dll
  Deleted hot-reload file: C:\Users\ericg\OneDrive\Documentos\GitHub\SimpleShooter\SimpleShooter\Binaries\Win64\UnrealEditor-SimpleShooter-2859.pdb
  Deleted hot-reload file: C:\Users\ericg\OneDrive\Documentos\GitHub\SimpleShooter\SimpleShooter\Binaries\Win64\UnrealEditor-SimpleShooter-3011.dll
  Deleted hot-reload file: C:\Users\ericg\OneDrive\Documentos\GitHub\SimpleShooter\SimpleShooter\Binaries\Win64\UnrealEditor-SimpleShooter-3011.pdb
  Deleted hot-reload file: C:\Users\ericg\OneDrive\Documentos\GitHub\SimpleShooter\SimpleShooter\Binaries\Win64\UnrealEditor-SimpleShooter-3096.dll
  Deleted hot-reload file: C:\Users\ericg\OneDrive\Documentos\GitHub\SimpleShooter\SimpleShooter\Binaries\Win64\UnrealEditor-SimpleShooter-3096.pdb
  Deleted hot-reload file: C:\Users\ericg\OneDrive\Documentos\GitHub\SimpleShooter\SimpleShooter\Binaries\Win64\UnrealEditor-SimpleShooter-3216.dll
  Deleted hot-reload file: C:\Users\ericg\OneDrive\Documentos\GitHub\SimpleShooter\SimpleShooter\Binaries\Win64\UnrealEditor-SimpleShooter-3216.pdb
  Deleted hot-reload file: C:\Users\ericg\OneDrive\Documentos\GitHub\SimpleShooter\SimpleShooter\Binaries\Win64\UnrealEditor-SimpleShooter-3315.dll
  Deleted hot-reload file: C:\Users\ericg\OneDrive\Documentos\GitHub\SimpleShooter\SimpleShooter\Binaries\Win64\UnrealEditor-SimpleShooter-3315.pdb
  Deleted hot-reload file: C:\Users\ericg\OneDrive\Documentos\GitHub\SimpleShooter\SimpleShooter\Binaries\Win64\UnrealEditor-SimpleShooter-3366.dll
  Deleted hot-reload file: C:\Users\ericg\OneDrive\Documentos\GitHub\SimpleShooter\SimpleShooter\Binaries\Win64\UnrealEditor-SimpleShooter-3366.pdb
  Deleted hot-reload file: C:\Users\ericg\OneDrive\Documentos\GitHub\SimpleShooter\SimpleShooter\Binaries\Win64\UnrealEditor-SimpleShooter-3422.dll
  Deleted hot-reload file: C:\Users\ericg\OneDrive\Documentos\GitHub\SimpleShooter\SimpleShooter\Binaries\Win64\UnrealEditor-SimpleShooter-3422.pdb
  Deleted hot-reload file: C:\Users\ericg\OneDrive\Documentos\GitHub\SimpleShooter\SimpleShooter\Binaries\Win64\UnrealEditor-SimpleShooter-3492.dll
  Deleted hot-reload file: C:\Users\ericg\OneDrive\Documentos\GitHub\SimpleShooter\SimpleShooter\Binaries\Win64\UnrealEditor-SimpleShooter-3492.pdb
  Deleted hot-reload file: C:\Users\ericg\OneDrive\Documentos\GitHub\SimpleShooter\SimpleShooter\Binaries\Win64\UnrealEditor-SimpleShooter-3497.dll
  Deleted hot-reload file: C:\Users\ericg\OneDrive\Documentos\GitHub\SimpleShooter\SimpleShooter\Binaries\Win64\UnrealEditor-SimpleShooter-3497.pdb
  Deleted hot-reload file: C:\Users\ericg\OneDrive\Documentos\GitHub\SimpleShooter\SimpleShooter\Binaries\Win64\UnrealEditor-SimpleShooter-3514.dll
  Deleted hot-reload file: C:\Users\ericg\OneDrive\Documentos\GitHub\SimpleShooter\SimpleShooter\Binaries\Win64\UnrealEditor-SimpleShooter-3514.pdb
  Deleted hot-reload file: C:\Users\ericg\OneDrive\Documentos\GitHub\SimpleShooter\SimpleShooter\Binaries\Win64\UnrealEditor-SimpleShooter-3635.dll
  Deleted hot-reload file: C:\Users\ericg\OneDrive\Documentos\GitHub\SimpleShooter\SimpleShooter\Binaries\Win64\UnrealEditor-SimpleShooter-3635.pdb
  Deleted hot-reload file: C:\Users\ericg\OneDrive\Documentos\GitHub\SimpleShooter\SimpleShooter\Binaries\Win64\UnrealEditor-SimpleShooter-3679.dll
  Deleted hot-reload file: C:\Users\ericg\OneDrive\Documentos\GitHub\SimpleShooter\SimpleShooter\Binaries\Win64\UnrealEditor-SimpleShooter-3679.pdb
  Deleted hot-reload file: C:\Users\ericg\OneDrive\Documentos\GitHub\SimpleShooter\SimpleShooter\Binaries\Win64\UnrealEditor-SimpleShooter-3681.dll
  Deleted hot-reload file: C:\Users\ericg\OneDrive\Documentos\GitHub\SimpleShooter\SimpleShooter\Binaries\Win64\UnrealEditor-SimpleShooter-3681.pdb
  Deleted hot-reload file: C:\Users\ericg\OneDrive\Documentos\GitHub\SimpleShooter\SimpleShooter\Binaries\Win64\UnrealEditor-SimpleShooter-3759.dll
  Deleted hot-reload file: C:\Users\ericg\OneDrive\Documentos\GitHub\SimpleShooter\SimpleShooter\Binaries\Win64\UnrealEditor-SimpleShooter-3759.pdb
  Deleted hot-reload file: C:\Users\ericg\OneDrive\Documentos\GitHub\SimpleShooter\SimpleShooter\Binaries\Win64\UnrealEditor-SimpleShooter-3778.dll
  Deleted hot-reload file: C:\Users\ericg\OneDrive\Documentos\GitHub\SimpleShooter\SimpleShooter\Binaries\Win64\UnrealEditor-SimpleShooter-3778.pdb
  Deleted hot-reload file: C:\Users\ericg\OneDrive\Documentos\GitHub\SimpleShooter\SimpleShooter\Binaries\Win64\UnrealEditor-SimpleShooter-3869.dll
  Deleted hot-reload file: C:\Users\ericg\OneDrive\Documentos\GitHub\SimpleShooter\SimpleShooter\Binaries\Win64\UnrealEditor-SimpleShooter-3869.pdb
  Deleted hot-reload file: C:\Users\ericg\OneDrive\Documentos\GitHub\SimpleShooter\SimpleShooter\Binaries\Win64\UnrealEditor-SimpleShooter-3890.dll
  Deleted hot-reload file: C:\Users\ericg\OneDrive\Documentos\GitHub\SimpleShooter\SimpleShooter\Binaries\Win64\UnrealEditor-SimpleShooter-3890.pdb
  Deleted hot-reload file: C:\Users\ericg\OneDrive\Documentos\GitHub\SimpleShooter\SimpleShooter\Binaries\Win64\UnrealEditor-SimpleShooter-3896.dll
  Deleted hot-reload file: C:\Users\ericg\OneDrive\Documentos\GitHub\SimpleShooter\SimpleShooter\Binaries\Win64\UnrealEditor-SimpleShooter-3896.pdb
  Deleted hot-reload file: C:\Users\ericg\OneDrive\Documentos\GitHub\SimpleShooter\SimpleShooter\Binaries\Win64\UnrealEditor-SimpleShooter-3988.dll
  Deleted hot-reload file: C:\Users\ericg\OneDrive\Documentos\GitHub\SimpleShooter\SimpleShooter\Binaries\Win64\UnrealEditor-SimpleShooter-3988.pdb
  Deleted hot-reload file: C:\Users\ericg\OneDrive\Documentos\GitHub\SimpleShooter\SimpleShooter\Binaries\Win64\UnrealEditor-SimpleShooter-4019.dll
  Deleted hot-reload file: C:\Users\ericg\OneDrive\Documentos\GitHub\SimpleShooter\SimpleShooter\Binaries\Win64\UnrealEditor-SimpleShooter-4019.pdb
  Deleted hot-reload file: C:\Users\ericg\OneDrive\Documentos\GitHub\SimpleShooter\SimpleShooter\Binaries\Win64\UnrealEditor-SimpleShooter-4159.dll
  Deleted hot-reload file: C:\Users\ericg\OneDrive\Documentos\GitHub\SimpleShooter\SimpleShooter\Binaries\Win64\UnrealEditor-SimpleShooter-4159.pdb
  Deleted hot-reload file: C:\Users\ericg\OneDrive\Documentos\GitHub\SimpleShooter\SimpleShooter\Binaries\Win64\UnrealEditor-SimpleShooter-4286.dll
  Deleted hot-reload file: C:\Users\ericg\OneDrive\Documentos\GitHub\SimpleShooter\SimpleShooter\Binaries\Win64\UnrealEditor-SimpleShooter-4286.pdb
  Deleted hot-reload file: C:\Users\ericg\OneDrive\Documentos\GitHub\SimpleShooter\SimpleShooter\Binaries\Win64\UnrealEditor-SimpleShooter-4293.dll
  Deleted hot-reload file: C:\Users\ericg\OneDrive\Documentos\GitHub\SimpleShooter\SimpleShooter\Binaries\Win64\UnrealEditor-SimpleShooter-4293.pdb
  Deleted hot-reload file: C:\Users\ericg\OneDrive\Documentos\GitHub\SimpleShooter\SimpleShooter\Binaries\Win64\UnrealEditor-SimpleShooter-4348.dll
  Deleted hot-reload file: C:\Users\ericg\OneDrive\Documentos\GitHub\SimpleShooter\SimpleShooter\Binaries\Win64\UnrealEditor-SimpleShooter-4348.pdb
  Deleted hot-reload file: C:\Users\ericg\OneDrive\Documentos\GitHub\SimpleShooter\SimpleShooter\Binaries\Win64\UnrealEditor-SimpleShooter-4517.dll
  Deleted hot-reload file: C:\Users\ericg\OneDrive\Documentos\GitHub\SimpleShooter\SimpleShooter\Binaries\Win64\UnrealEditor-SimpleShooter-4517.pdb
  Deleted hot-reload file: C:\Users\ericg\OneDrive\Documentos\GitHub\SimpleShooter\SimpleShooter\Binaries\Win64\UnrealEditor-SimpleShooter-4589.dll
  Deleted hot-reload file: C:\Users\ericg\OneDrive\Documentos\GitHub\SimpleShooter\SimpleShooter\Binaries\Win64\UnrealEditor-SimpleShooter-4589.pdb
  Deleted hot-reload file: C:\Users\ericg\OneDrive\Documentos\GitHub\SimpleShooter\SimpleShooter\Binaries\Win64\UnrealEditor-SimpleShooter-4629.dll
  Deleted hot-reload file: C:\Users\ericg\OneDrive\Documentos\GitHub\SimpleShooter\SimpleShooter\Binaries\Win64\UnrealEditor-SimpleShooter-4629.pdb
  Deleted hot-reload file: C:\Users\ericg\OneDrive\Documentos\GitHub\SimpleShooter\SimpleShooter\Binaries\Win64\UnrealEditor-SimpleShooter-4701.dll
  Deleted hot-reload file: C:\Users\ericg\OneDrive\Documentos\GitHub\SimpleShooter\SimpleShooter\Binaries\Win64\UnrealEditor-SimpleShooter-4701.pdb
  Deleted hot-reload file: C:\Users\ericg\OneDrive\Documentos\GitHub\SimpleShooter\SimpleShooter\Binaries\Win64\UnrealEditor-SimpleShooter-4746.dll
  Deleted hot-reload file: C:\Users\ericg\OneDrive\Documentos\GitHub\SimpleShooter\SimpleShooter\Binaries\Win64\UnrealEditor-SimpleShooter-4746.pdb
  Deleted hot-reload file: C:\Users\ericg\OneDrive\Documentos\GitHub\SimpleShooter\SimpleShooter\Binaries\Win64\UnrealEditor-SimpleShooter-4747.dll
  Deleted hot-reload file: C:\Users\ericg\OneDrive\Documentos\GitHub\SimpleShooter\SimpleShooter\Binaries\Win64\UnrealEditor-SimpleShooter-4747.pdb
  Deleted hot-reload file: C:\Users\ericg\OneDrive\Documentos\GitHub\SimpleShooter\SimpleShooter\Binaries\Win64\UnrealEditor-SimpleShooter-4817.dll
  Deleted hot-reload file: C:\Users\ericg\OneDrive\Documentos\GitHub\SimpleShooter\SimpleShooter\Binaries\Win64\UnrealEditor-SimpleShooter-4817.pdb
  Deleted hot-reload file: C:\Users\ericg\OneDrive\Documentos\GitHub\SimpleShooter\SimpleShooter\Binaries\Win64\UnrealEditor-SimpleShooter-5020.dll
  Deleted hot-reload file: C:\Users\ericg\OneDrive\Documentos\GitHub\SimpleShooter\SimpleShooter\Binaries\Win64\UnrealEditor-SimpleShooter-5020.pdb
  Deleted hot-reload file: C:\Users\ericg\OneDrive\Documentos\GitHub\SimpleShooter\SimpleShooter\Binaries\Win64\UnrealEditor-SimpleShooter-5183.dll
  Deleted hot-reload file: C:\Users\ericg\OneDrive\Documentos\GitHub\SimpleShooter\SimpleShooter\Binaries\Win64\UnrealEditor-SimpleShooter-5183.pdb
  Deleted hot-reload file: C:\Users\ericg\OneDrive\Documentos\GitHub\SimpleShooter\SimpleShooter\Binaries\Win64\UnrealEditor-SimpleShooter-5309.dll
  Deleted hot-reload file: C:\Users\ericg\OneDrive\Documentos\GitHub\SimpleShooter\SimpleShooter\Binaries\Win64\UnrealEditor-SimpleShooter-5309.pdb
  Deleted hot-reload file: C:\Users\ericg\OneDrive\Documentos\GitHub\SimpleShooter\SimpleShooter\Binaries\Win64\UnrealEditor-SimpleShooter-5327.dll
  Deleted hot-reload file: C:\Users\ericg\OneDrive\Documentos\GitHub\SimpleShooter\SimpleShooter\Binaries\Win64\UnrealEditor-SimpleShooter-5327.pdb
  Deleted hot-reload file: C:\Users\ericg\OneDrive\Documentos\GitHub\SimpleShooter\SimpleShooter\Binaries\Win64\UnrealEditor-SimpleShooter-5417.dll
  Deleted hot-reload file: C:\Users\ericg\OneDrive\Documentos\GitHub\SimpleShooter\SimpleShooter\Binaries\Win64\UnrealEditor-SimpleShooter-5417.pdb
  Deleted hot-reload file: C:\Users\ericg\OneDrive\Documentos\GitHub\SimpleShooter\SimpleShooter\Binaries\Win64\UnrealEditor-SimpleShooter-5431.dll
  Deleted hot-reload file: C:\Users\ericg\OneDrive\Documentos\GitHub\SimpleShooter\SimpleShooter\Binaries\Win64\UnrealEditor-SimpleShooter-5431.pdb
  Deleted hot-reload file: C:\Users\ericg\OneDrive\Documentos\GitHub\SimpleShooter\SimpleShooter\Binaries\Win64\UnrealEditor-SimpleShooter-5460.dll
  Deleted hot-reload file: C:\Users\ericg\OneDrive\Documentos\GitHub\SimpleShooter\SimpleShooter\Binaries\Win64\UnrealEditor-SimpleShooter-5460.pdb
  Deleted hot-reload file: C:\Users\ericg\OneDrive\Documentos\GitHub\SimpleShooter\SimpleShooter\Binaries\Win64\UnrealEditor-SimpleShooter-5557.dll
  Deleted hot-reload file: C:\Users\ericg\OneDrive\Documentos\GitHub\SimpleShooter\SimpleShooter\Binaries\Win64\UnrealEditor-SimpleShooter-5557.pdb
  Deleted hot-reload file: C:\Users\ericg\OneDrive\Documentos\GitHub\SimpleShooter\SimpleShooter\Binaries\Win64\UnrealEditor-SimpleShooter-5558.dll
  Deleted hot-reload file: C:\Users\ericg\OneDrive\Documentos\GitHub\SimpleShooter\SimpleShooter\Binaries\Win64\UnrealEditor-SimpleShooter-5558.pdb
  Deleted hot-reload file: C:\Users\ericg\OneDrive\Documentos\GitHub\SimpleShooter\SimpleShooter\Binaries\Win64\UnrealEditor-SimpleShooter-5573.dll
  Deleted hot-reload file: C:\Users\ericg\OneDrive\Documentos\GitHub\SimpleShooter\SimpleShooter\Binaries\Win64\UnrealEditor-SimpleShooter-5573.pdb
  Deleted hot-reload file: C:\Users\ericg\OneDrive\Documentos\GitHub\SimpleShooter\SimpleShooter\Binaries\Win64\UnrealEditor-SimpleShooter-5630.dll
  Deleted hot-reload file: C:\Users\ericg\OneDrive\Documentos\GitHub\SimpleShooter\SimpleShooter\Binaries\Win64\UnrealEditor-SimpleShooter-5630.pdb
  Deleted hot-reload file: C:\Users\ericg\OneDrive\Documentos\GitHub\SimpleShooter\SimpleShooter\Binaries\Win64\UnrealEditor-SimpleShooter-5759.dll
  Deleted hot-reload file: C:\Users\ericg\OneDrive\Documentos\GitHub\SimpleShooter\SimpleShooter\Binaries\Win64\UnrealEditor-SimpleShooter-5759.pdb
  Deleted hot-reload file: C:\Users\ericg\OneDrive\Documentos\GitHub\SimpleShooter\SimpleShooter\Binaries\Win64\UnrealEditor-SimpleShooter-5775.dll
  Deleted hot-reload file: C:\Users\ericg\OneDrive\Documentos\GitHub\SimpleShooter\SimpleShooter\Binaries\Win64\UnrealEditor-SimpleShooter-5775.pdb
  Deleted hot-reload file: C:\Users\ericg\OneDrive\Documentos\GitHub\SimpleShooter\SimpleShooter\Binaries\Win64\UnrealEditor-SimpleShooter-6016.dll
  Deleted hot-reload file: C:\Users\ericg\OneDrive\Documentos\GitHub\SimpleShooter\SimpleShooter\Binaries\Win64\UnrealEditor-SimpleShooter-6016.pdb
  Deleted hot-reload file: C:\Users\ericg\OneDrive\Documentos\GitHub\SimpleShooter\SimpleShooter\Binaries\Win64\UnrealEditor-SimpleShooter-6024.dll
  Deleted hot-reload file: C:\Users\ericg\OneDrive\Documentos\GitHub\SimpleShooter\SimpleShooter\Binaries\Win64\UnrealEditor-SimpleShooter-6024.pdb
  Deleted hot-reload file: C:\Users\ericg\OneDrive\Documentos\GitHub\SimpleShooter\SimpleShooter\Binaries\Win64\UnrealEditor-SimpleShooter-6210.pdb
  Deleted hot-reload file: C:\Users\ericg\OneDrive\Documentos\GitHub\SimpleShooter\SimpleShooter\Binaries\Win64\UnrealEditor-SimpleShooter-6309.dll
  Deleted hot-reload file: C:\Users\ericg\OneDrive\Documentos\GitHub\SimpleShooter\SimpleShooter\Binaries\Win64\UnrealEditor-SimpleShooter-6309.pdb
  Deleted hot-reload file: C:\Users\ericg\OneDrive\Documentos\GitHub\SimpleShooter\SimpleShooter\Binaries\Win64\UnrealEditor-SimpleShooter-6390.dll
  Deleted hot-reload file: C:\Users\ericg\OneDrive\Documentos\GitHub\SimpleShooter\SimpleShooter\Binaries\Win64\UnrealEditor-SimpleShooter-6390.pdb
  Deleted hot-reload file: C:\Users\ericg\OneDrive\Documentos\GitHub\SimpleShooter\SimpleShooter\Binaries\Win64\UnrealEditor-SimpleShooter-6448.dll
  Deleted hot-reload file: C:\Users\ericg\OneDrive\Documentos\GitHub\SimpleShooter\SimpleShooter\Binaries\Win64\UnrealEditor-SimpleShooter-6448.pdb
  Deleted hot-reload file: C:\Users\ericg\OneDrive\Documentos\GitHub\SimpleShooter\SimpleShooter\Binaries\Win64\UnrealEditor-SimpleShooter-6514.dll
  Deleted hot-reload file: C:\Users\ericg\OneDrive\Documentos\GitHub\SimpleShooter\SimpleShooter\Binaries\Win64\UnrealEditor-SimpleShooter-6514.pdb
  Deleted hot-reload file: C:\Users\ericg\OneDrive\Documentos\GitHub\SimpleShooter\SimpleShooter\Binaries\Win64\UnrealEditor-SimpleShooter-6568.dll
  Deleted hot-reload file: C:\Users\ericg\OneDrive\Documentos\GitHub\SimpleShooter\SimpleShooter\Binaries\Win64\UnrealEditor-SimpleShooter-6568.pdb
  Deleted hot-reload file: C:\Users\ericg\OneDrive\Documentos\GitHub\SimpleShooter\SimpleShooter\Binaries\Win64\UnrealEditor-SimpleShooter-6570.dll
  Deleted hot-reload file: C:\Users\ericg\OneDrive\Documentos\GitHub\SimpleShooter\SimpleShooter\Binaries\Win64\UnrealEditor-SimpleShooter-6570.pdb
  Deleted hot-reload file: C:\Users\ericg\OneDrive\Documentos\GitHub\SimpleShooter\SimpleShooter\Binaries\Win64\UnrealEditor-SimpleShooter-6593.dll
  Deleted hot-reload file: C:\Users\ericg\OneDrive\Documentos\GitHub\SimpleShooter\SimpleShooter\Binaries\Win64\UnrealEditor-SimpleShooter-6593.pdb
  Deleted hot-reload file: C:\Users\ericg\OneDrive\Documentos\GitHub\SimpleShooter\SimpleShooter\Binaries\Win64\UnrealEditor-SimpleShooter-6727.dll
  Deleted hot-reload file: C:\Users\ericg\OneDrive\Documentos\GitHub\SimpleShooter\SimpleShooter\Binaries\Win64\UnrealEditor-SimpleShooter-6727.pdb
  Deleted hot-reload file: C:\Users\ericg\OneDrive\Documentos\GitHub\SimpleShooter\SimpleShooter\Binaries\Win64\UnrealEditor-SimpleShooter-6877.dll
  Deleted hot-reload file: C:\Users\ericg\OneDrive\Documentos\GitHub\SimpleShooter\SimpleShooter\Binaries\Win64\UnrealEditor-SimpleShooter-6877.pdb
  Deleted hot-reload file: C:\Users\ericg\OneDrive\Documentos\GitHub\SimpleShooter\SimpleShooter\Binaries\Win64\UnrealEditor-SimpleShooter-6939.dll
  Deleted hot-reload file: C:\Users\ericg\OneDrive\Documentos\GitHub\SimpleShooter\SimpleShooter\Binaries\Win64\UnrealEditor-SimpleShooter-6939.pdb
  Deleted hot-reload file: C:\Users\ericg\OneDrive\Documentos\GitHub\SimpleShooter\SimpleShooter\Binaries\Win64\UnrealEditor-SimpleShooter-6947.dll
  Deleted hot-reload file: C:\Users\ericg\OneDrive\Documentos\GitHub\SimpleShooter\SimpleShooter\Binaries\Win64\UnrealEditor-SimpleShooter-6947.pdb
  Deleted hot-reload file: C:\Users\ericg\OneDrive\Documentos\GitHub\SimpleShooter\SimpleShooter\Binaries\Win64\UnrealEditor-SimpleShooter-7106.dll
  Deleted hot-reload file: C:\Users\ericg\OneDrive\Documentos\GitHub\SimpleShooter\SimpleShooter\Binaries\Win64\UnrealEditor-SimpleShooter-7106.pdb
  Deleted hot-reload file: C:\Users\ericg\OneDrive\Documentos\GitHub\SimpleShooter\SimpleShooter\Binaries\Win64\UnrealEditor-SimpleShooter-7175.dll
  Deleted hot-reload file: C:\Users\ericg\OneDrive\Documentos\GitHub\SimpleShooter\SimpleShooter\Binaries\Win64\UnrealEditor-SimpleShooter-7175.pdb
  Deleted hot-reload file: C:\Users\ericg\OneDrive\Documentos\GitHub\SimpleShooter\SimpleShooter\Binaries\Win64\UnrealEditor-SimpleShooter-7251.dll
  Deleted hot-reload file: C:\Users\ericg\OneDrive\Documentos\GitHub\SimpleShooter\SimpleShooter\Binaries\Win64\UnrealEditor-SimpleShooter-7251.pdb
  Deleted hot-reload file: C:\Users\ericg\OneDrive\Documentos\GitHub\SimpleShooter\SimpleShooter\Binaries\Win64\UnrealEditor-SimpleShooter-7257.dll
  Deleted hot-reload file: C:\Users\ericg\OneDrive\Documentos\GitHub\SimpleShooter\SimpleShooter\Binaries\Win64\UnrealEditor-SimpleShooter-7257.pdb
  Deleted hot-reload file: C:\Users\ericg\OneDrive\Documentos\GitHub\SimpleShooter\SimpleShooter\Binaries\Win64\UnrealEditor-SimpleShooter-7447.dll
  Deleted hot-reload file: C:\Users\ericg\OneDrive\Documentos\GitHub\SimpleShooter\SimpleShooter\Binaries\Win64\UnrealEditor-SimpleShooter-7447.pdb
  Deleted hot-reload file: C:\Users\ericg\OneDrive\Documentos\GitHub\SimpleShooter\SimpleShooter\Binaries\Win64\UnrealEditor-SimpleShooter-7610.dll
  Deleted hot-reload file: C:\Users\ericg\OneDrive\Documentos\GitHub\SimpleShooter\SimpleShooter\Binaries\Win64\UnrealEditor-SimpleShooter-7610.pdb
  Deleted hot-reload file: C:\Users\ericg\OneDrive\Documentos\GitHub\SimpleShooter\SimpleShooter\Binaries\Win64\UnrealEditor-SimpleShooter-7803.dll
  Deleted hot-reload file: C:\Users\ericg\OneDrive\Documentos\GitHub\SimpleShooter\SimpleShooter\Binaries\Win64\UnrealEditor-SimpleShooter-7803.pdb
  Deleted hot-reload file: C:\Users\ericg\OneDrive\Documentos\GitHub\SimpleShooter\SimpleShooter\Binaries\Win64\UnrealEditor-SimpleShooter-7860.dll
  Deleted hot-reload file: C:\Users\ericg\OneDrive\Documentos\GitHub\SimpleShooter\SimpleShooter\Binaries\Win64\UnrealEditor-SimpleShooter-7860.pdb
  Deleted hot-reload file: C:\Users\ericg\OneDrive\Documentos\GitHub\SimpleShooter\SimpleShooter\Binaries\Win64\UnrealEditor-SimpleShooter-7900.dll
  Deleted hot-reload file: C:\Users\ericg\OneDrive\Documentos\GitHub\SimpleShooter\SimpleShooter\Binaries\Win64\UnrealEditor-SimpleShooter-7900.pdb
  Deleted hot-reload file: C:\Users\ericg\OneDrive\Documentos\GitHub\SimpleShooter\SimpleShooter\Binaries\Win64\UnrealEditor-SimpleShooter-7928.dll
  Deleted hot-reload file: C:\Users\ericg\OneDrive\Documentos\GitHub\SimpleShooter\SimpleShooter\Binaries\Win64\UnrealEditor-SimpleShooter-7928.pdb
  Deleted hot-reload file: C:\Users\ericg\OneDrive\Documentos\GitHub\SimpleShooter\SimpleShooter\Binaries\Win64\UnrealEditor-SimpleShooter-7944.dll
  Deleted hot-reload file: C:\Users\ericg\OneDrive\Documentos\GitHub\SimpleShooter\SimpleShooter\Binaries\Win64\UnrealEditor-SimpleShooter-7944.pdb
  Deleted hot-reload file: C:\Users\ericg\OneDrive\Documentos\GitHub\SimpleShooter\SimpleShooter\Binaries\Win64\UnrealEditor-SimpleShooter-7992.dll
  Deleted hot-reload file: C:\Users\ericg\OneDrive\Documentos\GitHub\SimpleShooter\SimpleShooter\Binaries\Win64\UnrealEditor-SimpleShooter-7992.pdb
  Deleted hot-reload file: C:\Users\ericg\OneDrive\Documentos\GitHub\SimpleShooter\SimpleShooter\Binaries\Win64\UnrealEditor-SimpleShooter-8079.dll
  Deleted hot-reload file: C:\Users\ericg\OneDrive\Documentos\GitHub\SimpleShooter\SimpleShooter\Binaries\Win64\UnrealEditor-SimpleShooter-8079.pdb
  Deleted hot-reload file: C:\Users\ericg\OneDrive\Documentos\GitHub\SimpleShooter\SimpleShooter\Binaries\Win64\UnrealEditor-SimpleShooter-8119.dll
  Deleted hot-reload file: C:\Users\ericg\OneDrive\Documentos\GitHub\SimpleShooter\SimpleShooter\Binaries\Win64\UnrealEditor-SimpleShooter-8119.pdb
  Deleted hot-reload file: C:\Users\ericg\OneDrive\Documentos\GitHub\SimpleShooter\SimpleShooter\Binaries\Win64\UnrealEditor-SimpleShooter-8263.dll
  Deleted hot-reload file: C:\Users\ericg\OneDrive\Documentos\GitHub\SimpleShooter\SimpleShooter\Binaries\Win64\UnrealEditor-SimpleShooter-8263.pdb
  Deleted hot-reload file: C:\Users\ericg\OneDrive\Documentos\GitHub\SimpleShooter\SimpleShooter\Binaries\Win64\UnrealEditor-SimpleShooter-8345.dll
  Deleted hot-reload file: C:\Users\ericg\OneDrive\Documentos\GitHub\SimpleShooter\SimpleShooter\Binaries\Win64\UnrealEditor-SimpleShooter-8345.pdb
  Deleted hot-reload file: C:\Users\ericg\OneDrive\Documentos\GitHub\SimpleShooter\SimpleShooter\Binaries\Win64\UnrealEditor-SimpleShooter-8449.dll
  Deleted hot-reload file: C:\Users\ericg\OneDrive\Documentos\GitHub\SimpleShooter\SimpleShooter\Binaries\Win64\UnrealEditor-SimpleShooter-8449.pdb
  Deleted hot-reload file: C:\Users\ericg\OneDrive\Documentos\GitHub\SimpleShooter\SimpleShooter\Binaries\Win64\UnrealEditor-SimpleShooter-8520.dll
  Deleted hot-reload file: C:\Users\ericg\OneDrive\Documentos\GitHub\SimpleShooter\SimpleShooter\Binaries\Win64\UnrealEditor-SimpleShooter-8520.pdb
  Deleted hot-reload file: C:\Users\ericg\OneDrive\Documentos\GitHub\SimpleShooter\SimpleShooter\Binaries\Win64\UnrealEditor-SimpleShooter-8537.dll
  Deleted hot-reload file: C:\Users\ericg\OneDrive\Documentos\GitHub\SimpleShooter\SimpleShooter\Binaries\Win64\UnrealEditor-SimpleShooter-8537.pdb
  Deleted hot-reload file: C:\Users\ericg\OneDrive\Documentos\GitHub\SimpleShooter\SimpleShooter\Binaries\Win64\UnrealEditor-SimpleShooter-8555.dll
  Deleted hot-reload file: C:\Users\ericg\OneDrive\Documentos\GitHub\SimpleShooter\SimpleShooter\Binaries\Win64\UnrealEditor-SimpleShooter-8555.pdb
  Deleted hot-reload file: C:\Users\ericg\OneDrive\Documentos\GitHub\SimpleShooter\SimpleShooter\Binaries\Win64\UnrealEditor-SimpleShooter-8630.dll
  Deleted hot-reload file: C:\Users\ericg\OneDrive\Documentos\GitHub\SimpleShooter\SimpleShooter\Binaries\Win64\UnrealEditor-SimpleShooter-8630.pdb
  Deleted hot-reload file: C:\Users\ericg\OneDrive\Documentos\GitHub\SimpleShooter\SimpleShooter\Binaries\Win64\UnrealEditor-SimpleShooter-8774.dll
  Deleted hot-reload file: C:\Users\ericg\OneDrive\Documentos\GitHub\SimpleShooter\SimpleShooter\Binaries\Win64\UnrealEditor-SimpleShooter-8774.pdb
  Deleted hot-reload file: C:\Users\ericg\OneDrive\Documentos\GitHub\SimpleShooter\SimpleShooter\Binaries\Win64\UnrealEditor-SimpleShooter-9200.dll
  Deleted hot-reload file: C:\Users\ericg\OneDrive\Documentos\GitHub\SimpleShooter\SimpleShooter\Binaries\Win64\UnrealEditor-SimpleShooter-9200.pdb
  Deleted hot-reload file: C:\Users\ericg\OneDrive\Documentos\GitHub\SimpleShooter\SimpleShooter\Binaries\Win64\UnrealEditor-SimpleShooter-9231.dll
  Deleted hot-reload file: C:\Users\ericg\OneDrive\Documentos\GitHub\SimpleShooter\SimpleShooter\Binaries\Win64\UnrealEditor-SimpleShooter-9231.pdb
  Deleted hot-reload file: C:\Users\ericg\OneDrive\Documentos\GitHub\SimpleShooter\SimpleShooter\Binaries\Win64\UnrealEditor-SimpleShooter-9247.dll
  Deleted hot-reload file: C:\Users\ericg\OneDrive\Documentos\GitHub\SimpleShooter\SimpleShooter\Binaries\Win64\UnrealEditor-SimpleShooter-9247.pdb
  Deleted hot-reload file: C:\Users\ericg\OneDrive\Documentos\GitHub\SimpleShooter\SimpleShooter\Binaries\Win64\UnrealEditor-SimpleShooter-9264.pdb
  Deleted hot-reload file: C:\Users\ericg\OneDrive\Documentos\GitHub\SimpleShooter\SimpleShooter\Binaries\Win64\UnrealEditor-SimpleShooter-9303.dll
  Deleted hot-reload file: C:\Users\ericg\OneDrive\Documentos\GitHub\SimpleShooter\SimpleShooter\Binaries\Win64\UnrealEditor-SimpleShooter-9303.pdb
  Deleted hot-reload file: C:\Users\ericg\OneDrive\Documentos\GitHub\SimpleShooter\SimpleShooter\Binaries\Win64\UnrealEditor-SimpleShooter-9396.dll
  Deleted hot-reload file: C:\Users\ericg\OneDrive\Documentos\GitHub\SimpleShooter\SimpleShooter\Binaries\Win64\UnrealEditor-SimpleShooter-9396.pdb
  Deleted hot-reload file: C:\Users\ericg\OneDrive\Documentos\GitHub\SimpleShooter\SimpleShooter\Binaries\Win64\UnrealEditor-SimpleShooter-9569.dll
  Deleted hot-reload file: C:\Users\ericg\OneDrive\Documentos\GitHub\SimpleShooter\SimpleShooter\Binaries\Win64\UnrealEditor-SimpleShooter-9569.pdb
  Deleted hot-reload file: C:\Users\ericg\OneDrive\Documentos\GitHub\SimpleShooter\SimpleShooter\Binaries\Win64\UnrealEditor-SimpleShooter-9652.dll
  Deleted hot-reload file: C:\Users\ericg\OneDrive\Documentos\GitHub\SimpleShooter\SimpleShooter\Binaries\Win64\UnrealEditor-SimpleShooter-9652.pdb
  Deleted hot-reload file: C:\Users\ericg\OneDrive\Documentos\GitHub\SimpleShooter\SimpleShooter\Binaries\Win64\UnrealEditor-SimpleShooter-9699.dll
  Deleted hot-reload file: C:\Users\ericg\OneDrive\Documentos\GitHub\SimpleShooter\SimpleShooter\Binaries\Win64\UnrealEditor-SimpleShooter-9699.pdb
  Deleted hot-reload file: C:\Users\ericg\OneDrive\Documentos\GitHub\SimpleShooter\SimpleShooter\Binaries\Win64\UnrealEditor-SimpleShooter-9743.dll
  Deleted hot-reload file: C:\Users\ericg\OneDrive\Documentos\GitHub\SimpleShooter\SimpleShooter\Binaries\Win64\UnrealEditor-SimpleShooter-9743.pdb
  Deleted hot-reload file: C:\Users\ericg\OneDrive\Documentos\GitHub\SimpleShooter\SimpleShooter\Binaries\Win64\UnrealEditor-SimpleShooter-9791.dll
  Deleted hot-reload file: C:\Users\ericg\OneDrive\Documentos\GitHub\SimpleShooter\SimpleShooter\Binaries\Win64\UnrealEditor-SimpleShooter-9791.pdb
  Deleted hot-reload file: C:\Users\ericg\OneDrive\Documentos\GitHub\SimpleShooter\SimpleShooter\Binaries\Win64\UnrealEditor-SimpleShooter-9911.dll
  Deleted hot-reload file: C:\Users\ericg\OneDrive\Documentos\GitHub\SimpleShooter\SimpleShooter\Binaries\Win64\UnrealEditor-SimpleShooter-9911.pdb
  Deleted hot-reload file: C:\Users\ericg\OneDrive\Documentos\GitHub\SimpleShooter\SimpleShooter\Intermediate\Build\Win64\UnrealEditor\Development\SimpleShooter\UnrealEditor-SimpleShooter-0070.lib
  Deleted hot-reload file: C:\Users\ericg\OneDrive\Documentos\GitHub\SimpleShooter\SimpleShooter\Intermediate\Build\Win64\UnrealEditor\Development\SimpleShooter\UnrealEditor-SimpleShooter-0125.lib
  Deleted hot-reload file: C:\Users\ericg\OneDrive\Documentos\GitHub\SimpleShooter\SimpleShooter\Intermediate\Build\Win64\UnrealEditor\Development\SimpleShooter\UnrealEditor-SimpleShooter-0279.lib
  Deleted hot-reload file: C:\Users\ericg\OneDrive\Documentos\GitHub\SimpleShooter\SimpleShooter\Intermediate\Build\Win64\UnrealEditor\Development\SimpleShooter\UnrealEditor-SimpleShooter-0301.lib
  Deleted hot-reload file: C:\Users\ericg\OneDrive\Documentos\GitHub\SimpleShooter\SimpleShooter\Intermediate\Build\Win64\UnrealEditor\Development\SimpleShooter\UnrealEditor-SimpleShooter-0340.lib
  Deleted hot-reload file: C:\Users\ericg\OneDrive\Documentos\GitHub\SimpleShooter\SimpleShooter\Intermediate\Build\Win64\UnrealEditor\Development\SimpleShooter\UnrealEditor-SimpleShooter-0466.lib
  Deleted hot-reload file: C:\Users\ericg\OneDrive\Documentos\GitHub\SimpleShooter\SimpleShooter\Intermediate\Build\Win64\UnrealEditor\Development\SimpleShooter\UnrealEditor-SimpleShooter-0513.lib
  Deleted hot-reload file: C:\Users\ericg\OneDrive\Documentos\GitHub\SimpleShooter\SimpleShooter\Intermediate\Build\Win64\UnrealEditor\Development\SimpleShooter\UnrealEditor-SimpleShooter-0541.lib
  Deleted hot-reload file: C:\Users\ericg\OneDrive\Documentos\GitHub\SimpleShooter\SimpleShooter\Intermediate\Build\Win64\UnrealEditor\Development\SimpleShooter\UnrealEditor-SimpleShooter-0564.lib
  Deleted hot-reload file: C:\Users\ericg\OneDrive\Documentos\GitHub\SimpleShooter\SimpleShooter\Intermediate\Build\Win64\UnrealEditor\Development\SimpleShooter\UnrealEditor-SimpleShooter-0603.lib
  Deleted hot-reload file: C:\Users\ericg\OneDrive\Documentos\GitHub\SimpleShooter\SimpleShooter\Intermediate\Build\Win64\UnrealEditor\Development\SimpleShooter\UnrealEditor-SimpleShooter-0771.lib
  Deleted hot-reload file: C:\Users\ericg\OneDrive\Documentos\GitHub\SimpleShooter\SimpleShooter\Intermediate\Build\Win64\UnrealEditor\Development\SimpleShooter\UnrealEditor-SimpleShooter-0775.lib
  Deleted hot-reload file: C:\Users\ericg\OneDrive\Documentos\GitHub\SimpleShooter\SimpleShooter\Intermediate\Build\Win64\UnrealEditor\Development\SimpleShooter\UnrealEditor-SimpleShooter-0968.lib
  Deleted hot-reload file: C:\Users\ericg\OneDrive\Documentos\GitHub\SimpleShooter\SimpleShooter\Intermediate\Build\Win64\UnrealEditor\Development\SimpleShooter\UnrealEditor-SimpleShooter-1003.lib
  Deleted hot-reload file: C:\Users\ericg\OneDrive\Documentos\GitHub\SimpleShooter\SimpleShooter\Intermediate\Build\Win64\UnrealEditor\Development\SimpleShooter\UnrealEditor-SimpleShooter-1044.lib
  Deleted hot-reload file: C:\Users\ericg\OneDrive\Documentos\GitHub\SimpleShooter\SimpleShooter\Intermediate\Build\Win64\UnrealEditor\Development\SimpleShooter\UnrealEditor-SimpleShooter-1172.lib
  Deleted hot-reload file: C:\Users\ericg\OneDrive\Documentos\GitHub\SimpleShooter\SimpleShooter\Intermediate\Build\Win64\UnrealEditor\Development\SimpleShooter\UnrealEditor-SimpleShooter-1182.lib
  Deleted hot-reload file: C:\Users\ericg\OneDrive\Documentos\GitHub\SimpleShooter\SimpleShooter\Intermediate\Build\Win64\UnrealEditor\Development\SimpleShooter\UnrealEditor-SimpleShooter-1216.lib
  Deleted hot-reload file: C:\Users\ericg\OneDrive\Documentos\GitHub\SimpleShooter\SimpleShooter\Intermediate\Build\Win64\UnrealEditor\Development\SimpleShooter\UnrealEditor-SimpleShooter-1284.lib
  Deleted hot-reload file: C:\Users\ericg\OneDrive\Documentos\GitHub\SimpleShooter\SimpleShooter\Intermediate\Build\Win64\UnrealEditor\Development\SimpleShooter\UnrealEditor-SimpleShooter-1290.lib
  Deleted hot-reload file: C:\Users\ericg\OneDrive\Documentos\GitHub\SimpleShooter\SimpleShooter\Intermediate\Build\Win64\UnrealEditor\Development\SimpleShooter\UnrealEditor-SimpleShooter-1318.lib
  Deleted hot-reload file: C:\Users\ericg\OneDrive\Documentos\GitHub\SimpleShooter\SimpleShooter\Intermediate\Build\Win64\UnrealEditor\Development\SimpleShooter\UnrealEditor-SimpleShooter-1416.lib
  Deleted hot-reload file: C:\Users\ericg\OneDrive\Documentos\GitHub\SimpleShooter\SimpleShooter\Intermediate\Build\Win64\UnrealEditor\Development\SimpleShooter\UnrealEditor-SimpleShooter-1433.lib
  Deleted hot-reload file: C:\Users\ericg\OneDrive\Documentos\GitHub\SimpleShooter\SimpleShooter\Intermediate\Build\Win64\UnrealEditor\Development\SimpleShooter\UnrealEditor-SimpleShooter-1438.lib
  Deleted hot-reload file: C:\Users\ericg\OneDrive\Documentos\GitHub\SimpleShooter\SimpleShooter\Intermediate\Build\Win64\UnrealEditor\Development\SimpleShooter\UnrealEditor-SimpleShooter-1480.lib
  Deleted hot-reload file: C:\Users\ericg\OneDrive\Documentos\GitHub\SimpleShooter\SimpleShooter\Intermediate\Build\Win64\UnrealEditor\Development\SimpleShooter\UnrealEditor-SimpleShooter-1558.lib
  Deleted hot-reload file: C:\Users\ericg\OneDrive\Documentos\GitHub\SimpleShooter\SimpleShooter\Intermediate\Build\Win64\UnrealEditor\Development\SimpleShooter\UnrealEditor-SimpleShooter-1775.lib
  Deleted hot-reload file: C:\Users\ericg\OneDrive\Documentos\GitHub\SimpleShooter\SimpleShooter\Intermediate\Build\Win64\UnrealEditor\Development\SimpleShooter\UnrealEditor-SimpleShooter-1853.lib
  Deleted hot-reload file: C:\Users\ericg\OneDrive\Documentos\GitHub\SimpleShooter\SimpleShooter\Intermediate\Build\Win64\UnrealEditor\Development\SimpleShooter\UnrealEditor-SimpleShooter-2012.lib
  Deleted hot-reload file: C:\Users\ericg\OneDrive\Documentos\GitHub\SimpleShooter\SimpleShooter\Intermediate\Build\Win64\UnrealEditor\Development\SimpleShooter\UnrealEditor-SimpleShooter-2018.lib
  Deleted hot-reload file: C:\Users\ericg\OneDrive\Documentos\GitHub\SimpleShooter\SimpleShooter\Intermediate\Build\Win64\UnrealEditor\Development\SimpleShooter\UnrealEditor-SimpleShooter-2060.lib
  Deleted hot-reload file: C:\Users\ericg\OneDrive\Documentos\GitHub\SimpleShooter\SimpleShooter\Intermediate\Build\Win64\UnrealEditor\Development\SimpleShooter\UnrealEditor-SimpleShooter-2124.lib
  Deleted hot-reload file: C:\Users\ericg\OneDrive\Documentos\GitHub\SimpleShooter\SimpleShooter\Intermediate\Build\Win64\UnrealEditor\Development\SimpleShooter\UnrealEditor-SimpleShooter-2221.lib
  Deleted hot-reload file: C:\Users\ericg\OneDrive\Documentos\GitHub\SimpleShooter\SimpleShooter\Intermediate\Build\Win64\UnrealEditor\Development\SimpleShooter\UnrealEditor-SimpleShooter-2246.lib
  Deleted hot-reload file: C:\Users\ericg\OneDrive\Documentos\GitHub\SimpleShooter\SimpleShooter\Intermediate\Build\Win64\UnrealEditor\Development\SimpleShooter\UnrealEditor-SimpleShooter-2257.lib
  Deleted hot-reload file: C:\Users\ericg\OneDrive\Documentos\GitHub\SimpleShooter\SimpleShooter\Intermediate\Build\Win64\UnrealEditor\Development\SimpleShooter\UnrealEditor-SimpleShooter-2269.lib
  Deleted hot-reload file: C:\Users\ericg\OneDrive\Documentos\GitHub\SimpleShooter\SimpleShooter\Intermediate\Build\Win64\UnrealEditor\Development\SimpleShooter\UnrealEditor-SimpleShooter-2402.lib
  Deleted hot-reload file: C:\Users\ericg\OneDrive\Documentos\GitHub\SimpleShooter\SimpleShooter\Intermediate\Build\Win64\UnrealEditor\Development\SimpleShooter\UnrealEditor-SimpleShooter-2458.lib
  Deleted hot-reload file: C:\Users\ericg\OneDrive\Documentos\GitHub\SimpleShooter\SimpleShooter\Intermediate\Build\Win64\UnrealEditor\Development\SimpleShooter\UnrealEditor-SimpleShooter-2593.lib
  Deleted hot-reload file: C:\Users\ericg\OneDrive\Documentos\GitHub\SimpleShooter\SimpleShooter\Intermediate\Build\Win64\UnrealEditor\Development\SimpleShooter\UnrealEditor-SimpleShooter-2722.lib
  Deleted hot-reload file: C:\Users\ericg\OneDrive\Documentos\GitHub\SimpleShooter\SimpleShooter\Intermediate\Build\Win64\UnrealEditor\Development\SimpleShooter\UnrealEditor-SimpleShooter-2723.lib
  Deleted hot-reload file: C:\Users\ericg\OneDrive\Documentos\GitHub\SimpleShooter\SimpleShooter\Intermediate\Build\Win64\UnrealEditor\Development\SimpleShooter\UnrealEditor-SimpleShooter-2747.lib
  Deleted hot-reload file: C:\Users\ericg\OneDrive\Documentos\GitHub\SimpleShooter\SimpleShooter\Intermediate\Build\Win64\UnrealEditor\Development\SimpleShooter\UnrealEditor-SimpleShooter-2759.lib
  Deleted hot-reload file: C:\Users\ericg\OneDrive\Documentos\GitHub\SimpleShooter\SimpleShooter\Intermediate\Build\Win64\UnrealEditor\Development\SimpleShooter\UnrealEditor-SimpleShooter-2785.lib
  Deleted hot-reload file: C:\Users\ericg\OneDrive\Documentos\GitHub\SimpleShooter\SimpleShooter\Intermediate\Build\Win64\UnrealEditor\Development\SimpleShooter\UnrealEditor-SimpleShooter-2859.lib
  Deleted hot-reload file: C:\Users\ericg\OneDrive\Documentos\GitHub\SimpleShooter\SimpleShooter\Intermediate\Build\Win64\UnrealEditor\Development\SimpleShooter\UnrealEditor-SimpleShooter-3011.lib
  Deleted hot-reload file: C:\Users\ericg\OneDrive\Documentos\GitHub\SimpleShooter\SimpleShooter\Intermediate\Build\Win64\UnrealEditor\Development\SimpleShooter\UnrealEditor-SimpleShooter-3096.lib
  Deleted hot-reload file: C:\Users\ericg\OneDrive\Documentos\GitHub\SimpleShooter\SimpleShooter\Intermediate\Build\Win64\UnrealEditor\Development\SimpleShooter\UnrealEditor-SimpleShooter-3216.lib
  Deleted hot-reload file: C:\Users\ericg\OneDrive\Documentos\GitHub\SimpleShooter\SimpleShooter\Intermediate\Build\Win64\UnrealEditor\Development\SimpleShooter\UnrealEditor-SimpleShooter-3315.lib
  Deleted hot-reload file: C:\Users\ericg\OneDrive\Documentos\GitHub\SimpleShooter\SimpleShooter\Intermediate\Build\Win64\UnrealEditor\Development\SimpleShooter\UnrealEditor-SimpleShooter-3366.lib
  Deleted hot-reload file: C:\Users\ericg\OneDrive\Documentos\GitHub\SimpleShooter\SimpleShooter\Intermediate\Build\Win64\UnrealEditor\Development\SimpleShooter\UnrealEditor-SimpleShooter-3422.lib
  Deleted hot-reload file: C:\Users\ericg\OneDrive\Documentos\GitHub\SimpleShooter\SimpleShooter\Intermediate\Build\Win64\UnrealEditor\Development\SimpleShooter\UnrealEditor-SimpleShooter-3492.lib
  Deleted hot-reload file: C:\Users\ericg\OneDrive\Documentos\GitHub\SimpleShooter\SimpleShooter\Intermediate\Build\Win64\UnrealEditor\Development\SimpleShooter\UnrealEditor-SimpleShooter-3497.lib
  Deleted hot-reload file: C:\Users\ericg\OneDrive\Documentos\GitHub\SimpleShooter\SimpleShooter\Intermediate\Build\Win64\UnrealEditor\Development\SimpleShooter\UnrealEditor-SimpleShooter-3514.lib
  Deleted hot-reload file: C:\Users\ericg\OneDrive\Documentos\GitHub\SimpleShooter\SimpleShooter\Intermediate\Build\Win64\UnrealEditor\Development\SimpleShooter\UnrealEditor-SimpleShooter-3635.lib
  Deleted hot-reload file: C:\Users\ericg\OneDrive\Documentos\GitHub\SimpleShooter\SimpleShooter\Intermediate\Build\Win64\UnrealEditor\Development\SimpleShooter\UnrealEditor-SimpleShooter-3679.lib
  Deleted hot-reload file: C:\Users\ericg\OneDrive\Documentos\GitHub\SimpleShooter\SimpleShooter\Intermediate\Build\Win64\UnrealEditor\Development\SimpleShooter\UnrealEditor-SimpleShooter-3681.lib
  Deleted hot-reload file: C:\Users\ericg\OneDrive\Documentos\GitHub\SimpleShooter\SimpleShooter\Intermediate\Build\Win64\UnrealEditor\Development\SimpleShooter\UnrealEditor-SimpleShooter-3759.lib
  Deleted hot-reload file: C:\Users\ericg\OneDrive\Documentos\GitHub\SimpleShooter\SimpleShooter\Intermediate\Build\Win64\UnrealEditor\Development\SimpleShooter\UnrealEditor-SimpleShooter-3778.lib
  Deleted hot-reload file: C:\Users\ericg\OneDrive\Documentos\GitHub\SimpleShooter\SimpleShooter\Intermediate\Build\Win64\UnrealEditor\Development\SimpleShooter\UnrealEditor-SimpleShooter-3869.lib
  Deleted hot-reload file: C:\Users\ericg\OneDrive\Documentos\GitHub\SimpleShooter\SimpleShooter\Intermediate\Build\Win64\UnrealEditor\Development\SimpleShooter\UnrealEditor-SimpleShooter-3890.lib
  Deleted hot-reload file: C:\Users\ericg\OneDrive\Documentos\GitHub\SimpleShooter\SimpleShooter\Intermediate\Build\Win64\UnrealEditor\Development\SimpleShooter\UnrealEditor-SimpleShooter-3896.lib
  Deleted hot-reload file: C:\Users\ericg\OneDrive\Documentos\GitHub\SimpleShooter\SimpleShooter\Intermediate\Build\Win64\UnrealEditor\Development\SimpleShooter\UnrealEditor-SimpleShooter-3988.lib
  Deleted hot-reload file: C:\Users\ericg\OneDrive\Documentos\GitHub\SimpleShooter\SimpleShooter\Intermediate\Build\Win64\UnrealEditor\Development\SimpleShooter\UnrealEditor-SimpleShooter-4019.lib
  Deleted hot-reload file: C:\Users\ericg\OneDrive\Documentos\GitHub\SimpleShooter\SimpleShooter\Intermediate\Build\Win64\UnrealEditor\Development\SimpleShooter\UnrealEditor-SimpleShooter-4159.lib
  Deleted hot-reload file: C:\Users\ericg\OneDrive\Documentos\GitHub\SimpleShooter\SimpleShooter\Intermediate\Build\Win64\UnrealEditor\Development\SimpleShooter\UnrealEditor-SimpleShooter-4286.lib
  Deleted hot-reload file: C:\Users\ericg\OneDrive\Documentos\GitHub\SimpleShooter\SimpleShooter\Intermediate\Build\Win64\UnrealEditor\Development\SimpleShooter\UnrealEditor-SimpleShooter-4293.lib
  Deleted hot-reload file: C:\Users\ericg\OneDrive\Documentos\GitHub\SimpleShooter\SimpleShooter\Intermediate\Build\Win64\UnrealEditor\Development\SimpleShooter\UnrealEditor-SimpleShooter-4348.lib
  Deleted hot-reload file: C:\Users\ericg\OneDrive\Documentos\GitHub\SimpleShooter\SimpleShooter\Intermediate\Build\Win64\UnrealEditor\Development\SimpleShooter\UnrealEditor-SimpleShooter-4517.lib
  Deleted hot-reload file: C:\Users\ericg\OneDrive\Documentos\GitHub\SimpleShooter\SimpleShooter\Intermediate\Build\Win64\UnrealEditor\Development\SimpleShooter\UnrealEditor-SimpleShooter-4589.lib
  Deleted hot-reload file: C:\Users\ericg\OneDrive\Documentos\GitHub\SimpleShooter\SimpleShooter\Intermediate\Build\Win64\UnrealEditor\Development\SimpleShooter\UnrealEditor-SimpleShooter-4629.lib
  Deleted hot-reload file: C:\Users\ericg\OneDrive\Documentos\GitHub\SimpleShooter\SimpleShooter\Intermediate\Build\Win64\UnrealEditor\Development\SimpleShooter\UnrealEditor-SimpleShooter-4701.lib
  Deleted hot-reload file: C:\Users\ericg\OneDrive\Documentos\GitHub\SimpleShooter\SimpleShooter\Intermediate\Build\Win64\UnrealEditor\Development\SimpleShooter\UnrealEditor-SimpleShooter-4746.lib
  Deleted hot-reload file: C:\Users\ericg\OneDrive\Documentos\GitHub\SimpleShooter\SimpleShooter\Intermediate\Build\Win64\UnrealEditor\Development\SimpleShooter\UnrealEditor-SimpleShooter-4747.lib
  Deleted hot-reload file: C:\Users\ericg\OneDrive\Documentos\GitHub\SimpleShooter\SimpleShooter\Intermediate\Build\Win64\UnrealEditor\Development\SimpleShooter\UnrealEditor-SimpleShooter-4817.lib
  Deleted hot-reload file: C:\Users\ericg\OneDrive\Documentos\GitHub\SimpleShooter\SimpleShooter\Intermediate\Build\Win64\UnrealEditor\Development\SimpleShooter\UnrealEditor-SimpleShooter-5020.lib
  Deleted hot-reload file: C:\Users\ericg\OneDrive\Documentos\GitHub\SimpleShooter\SimpleShooter\Intermediate\Build\Win64\UnrealEditor\Development\SimpleShooter\UnrealEditor-SimpleShooter-5183.lib
  Deleted hot-reload file: C:\Users\ericg\OneDrive\Documentos\GitHub\SimpleShooter\SimpleShooter\Intermediate\Build\Win64\UnrealEditor\Development\SimpleShooter\UnrealEditor-SimpleShooter-5309.lib
  Deleted hot-reload file: C:\Users\ericg\OneDrive\Documentos\GitHub\SimpleShooter\SimpleShooter\Intermediate\Build\Win64\UnrealEditor\Development\SimpleShooter\UnrealEditor-SimpleShooter-5327.lib
  Deleted hot-reload file: C:\Users\ericg\OneDrive\Documentos\GitHub\SimpleShooter\SimpleShooter\Intermediate\Build\Win64\UnrealEditor\Development\SimpleShooter\UnrealEditor-SimpleShooter-5417.lib
  Deleted hot-reload file: C:\Users\ericg\OneDrive\Documentos\GitHub\SimpleShooter\SimpleShooter\Intermediate\Build\Win64\UnrealEditor\Development\SimpleShooter\UnrealEditor-SimpleShooter-5431.lib
  Deleted hot-reload file: C:\Users\ericg\OneDrive\Documentos\GitHub\SimpleShooter\SimpleShooter\Intermediate\Build\Win64\UnrealEditor\Development\SimpleShooter\UnrealEditor-SimpleShooter-5460.lib
  Deleted hot-reload file: C:\Users\ericg\OneDrive\Documentos\GitHub\SimpleShooter\SimpleShooter\Intermediate\Build\Win64\UnrealEditor\Development\SimpleShooter\UnrealEditor-SimpleShooter-5557.lib
  Deleted hot-reload file: C:\Users\ericg\OneDrive\Documentos\GitHub\SimpleShooter\SimpleShooter\Intermediate\Build\Win64\UnrealEditor\Development\SimpleShooter\UnrealEditor-SimpleShooter-5558.lib
  Deleted hot-reload file: C:\Users\ericg\OneDrive\Documentos\GitHub\SimpleShooter\SimpleShooter\Intermediate\Build\Win64\UnrealEditor\Development\SimpleShooter\UnrealEditor-SimpleShooter-5573.lib
  Deleted hot-reload file: C:\Users\ericg\OneDrive\Documentos\GitHub\SimpleShooter\SimpleShooter\Intermediate\Build\Win64\UnrealEditor\Development\SimpleShooter\UnrealEditor-SimpleShooter-5630.lib
  Deleted hot-reload file: C:\Users\ericg\OneDrive\Documentos\GitHub\SimpleShooter\SimpleShooter\Intermediate\Build\Win64\UnrealEditor\Development\SimpleShooter\UnrealEditor-SimpleShooter-5759.lib
  Deleted hot-reload file: C:\Users\ericg\OneDrive\Documentos\GitHub\SimpleShooter\SimpleShooter\Intermediate\Build\Win64\UnrealEditor\Development\SimpleShooter\UnrealEditor-SimpleShooter-5775.lib
  Deleted hot-reload file: C:\Users\ericg\OneDrive\Documentos\GitHub\SimpleShooter\SimpleShooter\Intermediate\Build\Win64\UnrealEditor\Development\SimpleShooter\UnrealEditor-SimpleShooter-6016.lib
  Deleted hot-reload file: C:\Users\ericg\OneDrive\Documentos\GitHub\SimpleShooter\SimpleShooter\Intermediate\Build\Win64\UnrealEditor\Development\SimpleShooter\UnrealEditor-SimpleShooter-6024.lib
  Deleted hot-reload file: C:\Users\ericg\OneDrive\Documentos\GitHub\SimpleShooter\SimpleShooter\Intermediate\Build\Win64\UnrealEditor\Development\SimpleShooter\UnrealEditor-SimpleShooter-6210.lib
  Deleted hot-reload file: C:\Users\ericg\OneDrive\Documentos\GitHub\SimpleShooter\SimpleShooter\Intermediate\Build\Win64\UnrealEditor\Development\SimpleShooter\UnrealEditor-SimpleShooter-6309.lib
  Deleted hot-reload file: C:\Users\ericg\OneDrive\Documentos\GitHub\SimpleShooter\SimpleShooter\Intermediate\Build\Win64\UnrealEditor\Development\SimpleShooter\UnrealEditor-SimpleShooter-6390.lib
  Deleted hot-reload file: C:\Users\ericg\OneDrive\Documentos\GitHub\SimpleShooter\SimpleShooter\Intermediate\Build\Win64\UnrealEditor\Development\SimpleShooter\UnrealEditor-SimpleShooter-6448.lib
  Deleted hot-reload file: C:\Users\ericg\OneDrive\Documentos\GitHub\SimpleShooter\SimpleShooter\Intermediate\Build\Win64\UnrealEditor\Development\SimpleShooter\UnrealEditor-SimpleShooter-6514.lib
  Deleted hot-reload file: C:\Users\ericg\OneDrive\Documentos\GitHub\SimpleShooter\SimpleShooter\Intermediate\Build\Win64\UnrealEditor\Development\SimpleShooter\UnrealEditor-SimpleShooter-6568.lib
  Deleted hot-reload file: C:\Users\ericg\OneDrive\Documentos\GitHub\SimpleShooter\SimpleShooter\Intermediate\Build\Win64\UnrealEditor\Development\SimpleShooter\UnrealEditor-SimpleShooter-6570.lib
  Deleted hot-reload file: C:\Users\ericg\OneDrive\Documentos\GitHub\SimpleShooter\SimpleShooter\Intermediate\Build\Win64\UnrealEditor\Development\SimpleShooter\UnrealEditor-SimpleShooter-6593.lib
  Deleted hot-reload file: C:\Users\ericg\OneDrive\Documentos\GitHub\SimpleShooter\SimpleShooter\Intermediate\Build\Win64\UnrealEditor\Development\SimpleShooter\UnrealEditor-SimpleShooter-6727.lib
  Deleted hot-reload file: C:\Users\ericg\OneDrive\Documentos\GitHub\SimpleShooter\SimpleShooter\Intermediate\Build\Win64\UnrealEditor\Development\SimpleShooter\UnrealEditor-SimpleShooter-6877.lib
  Deleted hot-reload file: C:\Users\ericg\OneDrive\Documentos\GitHub\SimpleShooter\SimpleShooter\Intermediate\Build\Win64\UnrealEditor\Development\SimpleShooter\UnrealEditor-SimpleShooter-6939.lib
  Deleted hot-reload file: C:\Users\ericg\OneDrive\Documentos\GitHub\SimpleShooter\SimpleShooter\Intermediate\Build\Win64\UnrealEditor\Development\SimpleShooter\UnrealEditor-SimpleShooter-6947.lib
  Deleted hot-reload file: C:\Users\ericg\OneDrive\Documentos\GitHub\SimpleShooter\SimpleShooter\Intermediate\Build\Win64\UnrealEditor\Development\SimpleShooter\UnrealEditor-SimpleShooter-7106.lib
  Deleted hot-reload file: C:\Users\ericg\OneDrive\Documentos\GitHub\SimpleShooter\SimpleShooter\Intermediate\Build\Win64\UnrealEditor\Development\SimpleShooter\UnrealEditor-SimpleShooter-7175.lib
  Deleted hot-reload file: C:\Users\ericg\OneDrive\Documentos\GitHub\SimpleShooter\SimpleShooter\Intermediate\Build\Win64\UnrealEditor\Development\SimpleShooter\UnrealEditor-SimpleShooter-7251.lib
  Deleted hot-reload file: C:\Users\ericg\OneDrive\Documentos\GitHub\SimpleShooter\SimpleShooter\Intermediate\Build\Win64\UnrealEditor\Development\SimpleShooter\UnrealEditor-SimpleShooter-7257.lib
  Deleted hot-reload file: C:\Users\ericg\OneDrive\Documentos\GitHub\SimpleShooter\SimpleShooter\Intermediate\Build\Win64\UnrealEditor\Development\SimpleShooter\UnrealEditor-SimpleShooter-7447.lib
  Deleted hot-reload file: C:\Users\ericg\OneDrive\Documentos\GitHub\SimpleShooter\SimpleShooter\Intermediate\Build\Win64\UnrealEditor\Development\SimpleShooter\UnrealEditor-SimpleShooter-7610.lib
  Deleted hot-reload file: C:\Users\ericg\OneDrive\Documentos\GitHub\SimpleShooter\SimpleShooter\Intermediate\Build\Win64\UnrealEditor\Development\SimpleShooter\UnrealEditor-SimpleShooter-7803.lib
  Deleted hot-reload file: C:\Users\ericg\OneDrive\Documentos\GitHub\SimpleShooter\SimpleShooter\Intermediate\Build\Win64\UnrealEditor\Development\SimpleShooter\UnrealEditor-SimpleShooter-7860.lib
  Deleted hot-reload file: C:\Users\ericg\OneDrive\Documentos\GitHub\SimpleShooter\SimpleShooter\Intermediate\Build\Win64\UnrealEditor\Development\SimpleShooter\UnrealEditor-SimpleShooter-7900.lib
  Deleted hot-reload file: C:\Users\ericg\OneDrive\Documentos\GitHub\SimpleShooter\SimpleShooter\Intermediate\Build\Win64\UnrealEditor\Development\SimpleShooter\UnrealEditor-SimpleShooter-7928.lib
  Deleted hot-reload file: C:\Users\ericg\OneDrive\Documentos\GitHub\SimpleShooter\SimpleShooter\Intermediate\Build\Win64\UnrealEditor\Development\SimpleShooter\UnrealEditor-SimpleShooter-7944.lib
  Deleted hot-reload file: C:\Users\ericg\OneDrive\Documentos\GitHub\SimpleShooter\SimpleShooter\Intermediate\Build\Win64\UnrealEditor\Development\SimpleShooter\UnrealEditor-SimpleShooter-7992.lib
  Deleted hot-reload file: C:\Users\ericg\OneDrive\Documentos\GitHub\SimpleShooter\SimpleShooter\Intermediate\Build\Win64\UnrealEditor\Development\SimpleShooter\UnrealEditor-SimpleShooter-8079.lib
  Deleted hot-reload file: C:\Users\ericg\OneDrive\Documentos\GitHub\SimpleShooter\SimpleShooter\Intermediate\Build\Win64\UnrealEditor\Development\SimpleShooter\UnrealEditor-SimpleShooter-8119.lib
  Deleted hot-reload file: C:\Users\ericg\OneDrive\Documentos\GitHub\SimpleShooter\SimpleShooter\Intermediate\Build\Win64\UnrealEditor\Development\SimpleShooter\UnrealEditor-SimpleShooter-8263.lib
  Deleted hot-reload file: C:\Users\ericg\OneDrive\Documentos\GitHub\SimpleShooter\SimpleShooter\Intermediate\Build\Win64\UnrealEditor\Development\SimpleShooter\UnrealEditor-SimpleShooter-8345.lib
  Deleted hot-reload file: C:\Users\ericg\OneDrive\Documentos\GitHub\SimpleShooter\SimpleShooter\Intermediate\Build\Win64\UnrealEditor\Development\SimpleShooter\UnrealEditor-SimpleShooter-8449.lib
  Deleted hot-reload file: C:\Users\ericg\OneDrive\Documentos\GitHub\SimpleShooter\SimpleShooter\Intermediate\Build\Win64\UnrealEditor\Development\SimpleShooter\UnrealEditor-SimpleShooter-8520.lib
  Deleted hot-reload file: C:\Users\ericg\OneDrive\Documentos\GitHub\SimpleShooter\SimpleShooter\Intermediate\Build\Win64\UnrealEditor\Development\SimpleShooter\UnrealEditor-SimpleShooter-8537.lib
  Deleted hot-reload file: C:\Users\ericg\OneDrive\Documentos\GitHub\SimpleShooter\SimpleShooter\Intermediate\Build\Win64\UnrealEditor\Development\SimpleShooter\UnrealEditor-SimpleShooter-8555.lib
  Deleted hot-reload file: C:\Users\ericg\OneDrive\Documentos\GitHub\SimpleShooter\SimpleShooter\Intermediate\Build\Win64\UnrealEditor\Development\SimpleShooter\UnrealEditor-SimpleShooter-8630.lib
  Deleted hot-reload file: C:\Users\ericg\OneDrive\Documentos\GitHub\SimpleShooter\SimpleShooter\Intermediate\Build\Win64\UnrealEditor\Development\SimpleShooter\UnrealEditor-SimpleShooter-8774.lib
  Deleted hot-reload file: C:\Users\ericg\OneDrive\Documentos\GitHub\SimpleShooter\SimpleShooter\Intermediate\Build\Win64\UnrealEditor\Development\SimpleShooter\UnrealEditor-SimpleShooter-9200.lib
  Deleted hot-reload file: C:\Users\ericg\OneDrive\Documentos\GitHub\SimpleShooter\SimpleShooter\Intermediate\Build\Win64\UnrealEditor\Development\SimpleShooter\UnrealEditor-SimpleShooter-9231.lib
  Deleted hot-reload file: C:\Users\ericg\OneDrive\Documentos\GitHub\SimpleShooter\SimpleShooter\Intermediate\Build\Win64\UnrealEditor\Development\SimpleShooter\UnrealEditor-SimpleShooter-9247.lib
  Deleted hot-reload file: C:\Users\ericg\OneDrive\Documentos\GitHub\SimpleShooter\SimpleShooter\Intermediate\Build\Win64\UnrealEditor\Development\SimpleShooter\UnrealEditor-SimpleShooter-9264.lib
  Deleted hot-reload file: C:\Users\ericg\OneDrive\Documentos\GitHub\SimpleShooter\SimpleShooter\Intermediate\Build\Win64\UnrealEditor\Development\SimpleShooter\UnrealEditor-SimpleShooter-9303.lib
  Deleted hot-reload file: C:\Users\ericg\OneDrive\Documentos\GitHub\SimpleShooter\SimpleShooter\Intermediate\Build\Win64\UnrealEditor\Development\SimpleShooter\UnrealEditor-SimpleShooter-9396.lib
  Deleted hot-reload file: C:\Users\ericg\OneDrive\Documentos\GitHub\SimpleShooter\SimpleShooter\Intermediate\Build\Win64\UnrealEditor\Development\SimpleShooter\UnrealEditor-SimpleShooter-9569.lib
  Deleted hot-reload file: C:\Users\ericg\OneDrive\Documentos\GitHub\SimpleShooter\SimpleShooter\Intermediate\Build\Win64\UnrealEditor\Development\SimpleShooter\UnrealEditor-SimpleShooter-9652.lib
  Deleted hot-reload file: C:\Users\ericg\OneDrive\Documentos\GitHub\SimpleShooter\SimpleShooter\Intermediate\Build\Win64\UnrealEditor\Development\SimpleShooter\UnrealEditor-SimpleShooter-9699.lib
  Deleted hot-reload file: C:\Users\ericg\OneDrive\Documentos\GitHub\SimpleShooter\SimpleShooter\Intermediate\Build\Win64\UnrealEditor\Development\SimpleShooter\UnrealEditor-SimpleShooter-9743.lib
  Deleted hot-reload file: C:\Users\ericg\OneDrive\Documentos\GitHub\SimpleShooter\SimpleShooter\Intermediate\Build\Win64\UnrealEditor\Development\SimpleShooter\UnrealEditor-SimpleShooter-9791.lib
  Deleted hot-reload file: C:\Users\ericg\OneDrive\Documentos\GitHub\SimpleShooter\SimpleShooter\Intermediate\Build\Win64\UnrealEditor\Development\SimpleShooter\UnrealEditor-SimpleShooter-9911.lib
  Building SimpleShooterEditor...
  Using Visual Studio 2022 14.33.31630 toolchain (C:\Program Files\Microsoft Visual Studio\2022\Community\VC\Tools\MSVC\14.33.31629) and Windows 10.0.19041.0 SDK (C:\Program Files (x86)\Windows Kits\10).
  [Adaptive Build] Excluded from SimpleShooter unity file: BTService_PlayerLocationIfSeen.cpp, Gun.cpp, ShooterCharacter.cpp, ShooterPlayerController.cpp
  Determining max actions to execute in parallel (6 physical cores, 12 logical cores)
    Executing up to 6 processes, one per physical core
    Requested 1,5 GB free memory per action, 8,87 GB available: limiting max parallel actions to 5
  Building 3 actions with 3 processes...
  [1/3] Link UnrealEditor-SimpleShooter.lib
     Creating library C:\Users\ericg\OneDrive\Documentos\GitHub\SimpleShooter\SimpleShooter\Intermediate\Build\Win64\UnrealEditor\Development\SimpleShooter\UnrealEditor-SimpleShooter.lib and object C:\Users\ericg\OneDrive\Documentos\GitHub\SimpleShooter\SimpleShooter\Intermediate\Build\Win64\UnrealEditor\Development\SimpleShooter\UnrealEditor-SimpleShooter.exp
  [2/3] Link UnrealEditor-SimpleShooter.dll
     Creating library C:\Users\ericg\OneDrive\Documentos\GitHub\SimpleShooter\SimpleShooter\Intermediate\Build\Win64\UnrealEditor\Development\SimpleShooter\UnrealEditor-SimpleShooter.suppressed.lib and object C:\Users\ericg\OneDrive\Documentos\GitHub\SimpleShooter\SimpleShooter\Intermediate\Build\Win64\UnrealEditor\Development\SimpleShooter\UnrealEditor-SimpleShooter.suppressed.exp
  [3/3] WriteMetadata SimpleShooterEditor.target
  Total time in Parallel executor: 1,31 seconds
  Total execution time: 2,14 seconds
